<?xml version="1.0" encoding="UTF-8"?>
<!-- Generated by org.testng.reporters.JUnitXMLReporter -->
<testsuite ignored="0" hostname="LIN-PF2W9WZZ" failures="1" tests="2" name="Chrome test" time="12.216" errors="0" timestamp="2024-07-01T15:01:10 IST">
  <testcase classname="testCases.Tc_002_LoginTest" name="verifyLogin" time="1.483">
    <failure type="java.lang.NoSuchMethodError" message="&amp;apos;void org.testng.Assert.assertEquals(java.lang.Boolean, boolean, java.lang.String)&amp;apos;">
      <![CDATA[java.lang.NoSuchMethodError: 'void org.testng.Assert.assertEquals(java.lang.Boolean, boolean, java.lang.String)'
at testCases.Tc_002_LoginTest.verifyLogin(Tc_002_LoginTest.java:29)
at java.base/java.util.ArrayList.forEach(ArrayList.java:1511)
... Removed 27 stack frames]]>
    </failure>
  </testcase> <!-- verifyLogin -->
  <testcase classname="testCases.TC_001_AccountRegistrationTest" name="verify_account_registration" time="1.495"/>
</testsuite> <!-- Chrome test -->
