<?xml version="1.0" encoding="UTF-8"?>
<!-- Generated by org.testng.reporters.JUnitXMLReporter -->
<testsuite ignored="0" hostname="LIN-PF2W9WZZ" failures="1" tests="2" name="ChromeTest" time="11.947" errors="0" timestamp="2024-07-01T15:00:26 IST">
  <testcase classname="testCases.Tc_002_LoginTest" name="verifyLogin" time="1.85">
    <failure type="java.lang.NoSuchMethodError" message="&amp;apos;void org.testng.Assert.assertEquals(java.lang.Boolean, boolean, java.lang.String)&amp;apos;">
      <![CDATA[java.lang.NoSuchMethodError: 'void org.testng.Assert.assertEquals(java.lang.Boolean, boolean, java.lang.String)'
at testCases.Tc_002_LoginTest.verifyLogin(Tc_002_LoginTest.java:29)
at java.base/java.util.ArrayList.forEach(ArrayList.java:1511)
at java.base/java.util.concurrent.FutureTask.run(FutureTask.java:264)
at java.base/java.util.concurrent.ThreadPoolExecutor.runWorker(ThreadPoolExecutor.java:1136)
at java.base/java.util.concurrent.ThreadPoolExecutor$Worker.run(ThreadPoolExecutor.java:635)
at java.base/java.lang.Thread.run(Thread.java:840)
... Removed 18 stack frames]]>
    </failure>
  </testcase> <!-- verifyLogin -->
  <testcase classname="testCases.TC_001_AccountRegistrationTest" name="verify_account_registration" time="1.576"/>
</testsuite> <!-- ChromeTest -->
