<?xml version="1.0" encoding="UTF-8"?>
<testng-results ignored="0" total="2" passed="2" failed="0" skipped="0">
  <reporter-output>
  </reporter-output>
  <suite started-at="2024-07-02T11:54:13 IST" name="Suite" finished-at="2024-07-02T11:54:24 IST" duration-ms="11261">
    <groups>
      <group name="Master">
        <method signature="TC_001_AccountRegistrationTest.verify_account_registration()[pri:0, instance:testCases.TC_001_AccountRegistrationTest@3b00856b]" name="verify_account_registration" class="testCases.TC_001_AccountRegistrationTest"/>
        <method signature="Tc_002_LoginTest.verifyLogin()[pri:0, instance:testCases.Tc_002_LoginTest@241e8ea6]" name="verifyLogin" class="testCases.Tc_002_LoginTest"/>
      </group> <!-- Master -->
      <group name="Regression">
        <method signature="Tc_002_LoginTest.verifyLogin()[pri:0, instance:testCases.Tc_002_LoginTest@241e8ea6]" name="verifyLogin" class="testCases.Tc_002_LoginTest"/>
      </group> <!-- Regression -->
      <group name="sanity">
        <method signature="TC_001_AccountRegistrationTest.verify_account_registration()[pri:0, instance:testCases.TC_001_AccountRegistrationTest@3b00856b]" name="verify_account_registration" class="testCases.TC_001_AccountRegistrationTest"/>
      </group> <!-- sanity -->
    </groups>
    <test started-at="2024-07-02T11:54:13 IST" name="ChromeTest" finished-at="2024-07-02T11:54:24 IST" duration-ms="11261">
      <class name="testCases.TC_001_AccountRegistrationTest">
        <test-method is-config="true" signature="setup(java.lang.String,java.lang.String)[pri:0, instance:testCases.TC_001_AccountRegistrationTest@3b00856b]" started-at="2024-07-02T11:54:20 IST" name="setup" finished-at="2024-07-02T11:54:23 IST" duration-ms="2775" status="PASS">
          <params>
            <param index="0">
              <value>
                <![CDATA[chrome]]>
              </value>
            </param>
            <param index="1">
              <value>
                <![CDATA[windows]]>
              </value>
            </param>
          </params>
          <reporter-output>
          </reporter-output>
        </test-method> <!-- setup -->
        <test-method signature="verify_account_registration()[pri:0, instance:testCases.TC_001_AccountRegistrationTest@3b00856b]" started-at="2024-07-02T11:54:23 IST" name="verify_account_registration" finished-at="2024-07-02T11:54:24 IST" duration-ms="1580" status="PASS">
          <reporter-output>
          </reporter-output>
        </test-method> <!-- verify_account_registration -->
        <test-method is-config="true" signature="teardown()[pri:0, instance:testCases.TC_001_AccountRegistrationTest@3b00856b]" started-at="2024-07-02T11:54:24 IST" name="teardown" finished-at="2024-07-02T11:54:24 IST" duration-ms="247" status="PASS">
          <reporter-output>
          </reporter-output>
        </test-method> <!-- teardown -->
      </class> <!-- testCases.TC_001_AccountRegistrationTest -->
      <class name="testCases.Tc_002_LoginTest">
        <test-method is-config="true" signature="setup(java.lang.String,java.lang.String)[pri:0, instance:testCases.Tc_002_LoginTest@241e8ea6]" started-at="2024-07-02T11:54:13 IST" name="setup" finished-at="2024-07-02T11:54:18 IST" duration-ms="4967" status="PASS">
          <params>
            <param index="0">
              <value>
                <![CDATA[chrome]]>
              </value>
            </param>
            <param index="1">
              <value>
                <![CDATA[windows]]>
              </value>
            </param>
          </params>
          <reporter-output>
          </reporter-output>
        </test-method> <!-- setup -->
        <test-method signature="verifyLogin()[pri:0, instance:testCases.Tc_002_LoginTest@241e8ea6]" started-at="2024-07-02T11:54:18 IST" name="verifyLogin" finished-at="2024-07-02T11:54:20 IST" duration-ms="1412" status="PASS">
          <reporter-output>
          </reporter-output>
        </test-method> <!-- verifyLogin -->
        <test-method is-config="true" signature="teardown()[pri:0, instance:testCases.Tc_002_LoginTest@241e8ea6]" started-at="2024-07-02T11:54:20 IST" name="teardown" finished-at="2024-07-02T11:54:20 IST" duration-ms="241" status="PASS">
          <reporter-output>
          </reporter-output>
        </test-method> <!-- teardown -->
      </class> <!-- testCases.Tc_002_LoginTest -->
    </test> <!-- ChromeTest -->
  </suite> <!-- Suite -->
</testng-results>
